[08-Jun-2023 23:58:58] NOTICE: fpm is running, pid 30127
[08-Jun-2023 23:58:58] NOTICE: ready to handle connections
[09-Jun-2023 00:06:16] NOTICE: Terminating ...
[09-Jun-2023 00:06:16] NOTICE: Terminating ...
[09-Jun-2023 00:06:16] NOTICE: exiting, bye-bye!
[09-Jun-2023 00:08:23] NOTICE: fpm is running, pid 31072
[09-Jun-2023 00:08:23] NOTICE: ready to handle connections
[09-Jun-2023 00:48:45] NOTICE: Terminating ...
[09-Jun-2023 00:48:45] NOTICE: Terminating ...
[09-Jun-2023 00:48:45] NOTICE: exiting, bye-bye!
[09-Jun-2023 14:41:16] NOTICE: fpm is running, pid 42506
[09-Jun-2023 14:41:16] NOTICE: ready to handle connections
[09-Jun-2023 14:42:28] NOTICE: Terminating ...
[09-Jun-2023 14:42:28] NOTICE: Terminating ...
[09-Jun-2023 14:42:28] NOTICE: exiting, bye-bye!
[09-Jun-2023 22:11:05] NOTICE: fpm is running, pid 53149
[09-Jun-2023 22:11:05] NOTICE: ready to handle connections
[09-Jun-2023 22:47:28] NOTICE: Terminating ...
[09-Jun-2023 22:47:28] NOTICE: Terminating ...
[09-Jun-2023 22:47:28] NOTICE: exiting, bye-bye!
[09-Jun-2023 23:21:31] NOTICE: fpm is running, pid 57978
[09-Jun-2023 23:21:31] NOTICE: ready to handle connections
[09-Jun-2023 23:32:23] NOTICE: Terminating ...
[09-Jun-2023 23:32:23] NOTICE: Terminating ...
[09-Jun-2023 23:32:23] NOTICE: exiting, bye-bye!
[10-Jun-2023 00:28:19] NOTICE: fpm is running, pid 62240
[10-Jun-2023 00:28:19] NOTICE: ready to handle connections
[10-Jun-2023 00:43:20] NOTICE: Terminating ...
[10-Jun-2023 00:43:20] NOTICE: Terminating ...
[10-Jun-2023 00:43:20] NOTICE: exiting, bye-bye!
[10-Jun-2023 19:50:50] NOTICE: fpm is running, pid 91250
[10-Jun-2023 19:50:50] NOTICE: ready to handle connections
[11-Jun-2023 01:06:00] NOTICE: Terminating ...
[11-Jun-2023 01:06:00] NOTICE: Terminating ...
[11-Jun-2023 01:06:00] NOTICE: exiting, bye-bye!
[07-Aug-2023 21:33:51] NOTICE: fpm is running, pid 46201
[07-Aug-2023 21:33:51] NOTICE: ready to handle connections
[07-Aug-2023 22:16:51] NOTICE: Terminating ...
[07-Aug-2023 22:16:51] NOTICE: Terminating ...
[07-Aug-2023 22:16:51] NOTICE: exiting, bye-bye!
